
Showing logs for build [32mcb-kubecd-bdd-nh-1587748273-pr-fkdsm-1[0m stage [32mfrom-build-pack[0m and container [32mstep-credential-initializer-6qdcq[0m
{"level":"info","ts":1587751304.2288501,"logger":"fallback-logger","caller":"logging/config.go:69","msg":"Fetch GitHub commit ID from kodata failed: open /var/run/ko/refs/heads/0.8.0-ns-support: no such file or directory"}
{"level":"info","ts":1587751304.2296038,"logger":"fallback-logger","caller":"creds-init/main.go:40","msg":"Credentials initialized."}

Showing logs for build [32mcb-kubecd-bdd-nh-1587748273-pr-fkdsm-1[0m stage [32mfrom-build-pack[0m and container [32mstep-working-dir-initializer-r9bsq[0m
{"level":"info","ts":1587751304.921427,"logger":"fallback-logger","caller":"logging/config.go:69","msg":"Fetch GitHub commit ID from kodata failed: open /var/run/ko/HEAD: no such file or directory"}
{"level":"info","ts":1587751304.923113,"logger":"fallback-logger","caller":"bash/main.go:64","msg":"Successfully executed command \"sh -c mkdir -p /workspace/source\"; output "}

Showing logs for build [32mcb-kubecd-bdd-nh-1587748273-pr-fkdsm-1[0m stage [32mfrom-build-pack[0m and container [32mstep-place-tools[0m

Showing logs for build [32mcb-kubecd-bdd-nh-1587748273-pr-fkdsm-1[0m stage [32mfrom-build-pack[0m and container [32mstep-git-source-cb-kubecd-bdd-nh-1587748273-pr-fkdsm-9b2v4[0m
{"level":"info","ts":1587751312.1873755,"logger":"fallback-logger","caller":"logging/config.go:69","msg":"Fetch GitHub commit ID from kodata failed: open /var/run/ko/refs/heads/0.8.0-ns-support: no such file or directory"}
{"level":"info","ts":1587751313.299028,"logger":"fallback-logger","caller":"git/git.go:103","msg":"Successfully cloned https://github.com/cb-kubecd/bdd-nh-1587748273.git @ master in path /workspace/source"}

Showing logs for build [32mcb-kubecd-bdd-nh-1587748273-pr-fkdsm-1[0m stage [32mfrom-build-pack[0m and container [32mstep-git-merge[0m
Using SHAs from PULL_REFS=master:812463be09340913387d264972790f5358f73c6e,1:ac9cacf21c928893e26dce74824321ed68f5996c
DEBUG: JX_LOG_LEVEL=error LC_ALL=C git fetch origin --unshallow ac9cacf21c928893e26dce74824321ed68f5996c: 812463be09340913387d264972790f5358f73c6e:
DEBUG: ran git fetch --unshallow origin ac9cacf21c928893e26dce74824321ed68f5996c: 812463be09340913387d264972790f5358f73c6e: in 
DEBUG: LC_ALL=C JX_LOG_LEVEL=error git branch
DEBUG: LC_ALL=C JX_LOG_LEVEL=error git checkout master
DEBUG: ran git checkout master in 
DEBUG: LC_ALL=C JX_LOG_LEVEL=error git reset --hard 812463be09340913387d264972790f5358f73c6e
DEBUG: ran git reset --hard 812463be09340913387d264972790f5358f73c6e in 
DEBUG: LC_ALL=C JX_LOG_LEVEL=error git clean -fd .
DEBUG: ran clean --force -d . in 
DEBUG: LC_ALL=C JX_LOG_LEVEL=error git merge ac9cacf21c928893e26dce74824321ed68f5996c
DEBUG: ran git merge ac9cacf21c928893e26dce74824321ed68f5996c in 
DEBUG: LC_ALL=C JX_LOG_LEVEL=error git log --format=%H%x1f%an%x1f%ae%x1f%cn%x1f%ce%x1f%s%n%b%x1e 812463be09340913387d264972790f5358f73c6e..HEAD
Merged SHA ac9cacf21c928893e26dce74824321ed68f5996c with commit message 'My first PR commit' into base branch master

Showing logs for build [32mcb-kubecd-bdd-nh-1587748273-pr-fkdsm-1[0m stage [32mfrom-build-pack[0m and container [32mstep-build-npmrc[0m
Command "credential" is deprecated, it will be removed on Jun 1 2020.  This is replaced by Tekton's mounted secrets
WARNING: failed to find Secret npm-token in namespace **

Showing logs for build [32mcb-kubecd-bdd-nh-1587748273-pr-fkdsm-1[0m stage [32mfrom-build-pack[0m and container [32mstep-build-npm-install[0m
npm notice created a lockfile as package-lock.json. You should commit this file.
npm WARN REPLACE_ME@1.0.0 No repository field.
npm WARN REPLACE_ME@1.0.0 No license field.

up to date in 0.902s
found 0 vulnerabilities


Showing logs for build [32mcb-kubecd-bdd-nh-1587748273-pr-fkdsm-1[0m stage [32mfrom-build-pack[0m and container [32mstep-build-npm-test[0m

> REPLACE_ME@1.0.0 test /workspace/source
> echo "no test specified" && exit 0

no test specified

Showing logs for build [32mcb-kubecd-bdd-nh-1587748273-pr-fkdsm-1[0m stage [32mfrom-build-pack[0m and container [32mstep-build-container-build[0m
[36mINFO[0m[0000] Resolved base name node:9-slim to node:9-slim 
[36mINFO[0m[0000] Using dockerignore file: /workspace/source/.dockerignore 
[36mINFO[0m[0000] Resolved base name node:9-slim to node:9-slim 
[36mINFO[0m[0000] Retrieving image manifest node:9-slim        
ERROR: logging before flag.Parse: E0424 18:02:00.117943      10 metadata.go:142] while reading 'google-dockercfg' metadata: http status code: 404 while fetching url http://metadata.google.internal./computeMetadata/v1/instance/attributes/google-dockercfg
ERROR: logging before flag.Parse: E0424 18:02:00.121221      10 metadata.go:159] while reading 'google-dockercfg-url' metadata: http status code: 404 while fetching url http://metadata.google.internal./computeMetadata/v1/instance/attributes/google-dockercfg-url
[36mINFO[0m[0001] Retrieving image manifest node:9-slim        
[36mINFO[0m[0002] Built cross stage deps: map[]                
[36mINFO[0m[0002] Retrieving image manifest node:9-slim        
[36mINFO[0m[0003] Retrieving image manifest node:9-slim        
[36mINFO[0m[0004] cmd: EXPOSE                                  
[36mINFO[0m[0004] Adding exposed port: 8080/tcp                
[36mINFO[0m[0004] Checking for cached layer gcr.io/jenkins-x-bdd3/cache:aae6fb7da986d7b5fd3a6159ba4c450c21076a0cbcc405434b9d043e3c990941... 
[36mINFO[0m[0004] No cached layer found for cmd COPY . .       
[36mINFO[0m[0004] Unpacking rootfs as cmd COPY . . requires it. 
[36mINFO[0m[0010] Taking snapshot of full filesystem...        
[36mINFO[0m[0011] Resolving paths                              
[36mINFO[0m[0013] ENV PORT 8080                                
[36mINFO[0m[0013] No files changed in this command, skipping snapshotting. 
[36mINFO[0m[0013] EXPOSE 8080                                  
[36mINFO[0m[0013] cmd: EXPOSE                                  
[36mINFO[0m[0013] Adding exposed port: 8080/tcp                
[36mINFO[0m[0013] No files changed in this command, skipping snapshotting. 
[36mINFO[0m[0013] WORKDIR /usr/src/app                         
[36mINFO[0m[0013] cmd: workdir                                 
[36mINFO[0m[0013] Changed working directory to /usr/src/app    
[36mINFO[0m[0013] Creating directory /usr/src/app              
[36mINFO[0m[0013] Resolving paths                              
[36mINFO[0m[0013] Taking snapshot of files...                  
[36mINFO[0m[0013] COPY . .                                     
[36mINFO[0m[0013] Resolving paths                              
[36mINFO[0m[0013] Taking snapshot of files...                  
[36mINFO[0m[0013] Pushing layer gcr.io/jenkins-x-bdd3/cache:aae6fb7da986d7b5fd3a6159ba4c450c21076a0cbcc405434b9d043e3c990941 to cache now 
[36mINFO[0m[0013] CMD ["npm", "start"]                         
[36mINFO[0m[0013] No files changed in this command, skipping snapshotting. 

Showing logs for build [32mcb-kubecd-bdd-nh-1587748273-pr-fkdsm-1[0m stage [32mfrom-build-pack[0m and container [32mstep-postbuild-post-build[0m
no CVE provider running in the current ** namespace so skip adding image to be analysed

Showing logs for build [32mcb-kubecd-bdd-nh-1587748273-pr-fkdsm-1[0m stage [32mfrom-build-pack[0m and container [32mstep-promote-make-preview[0m
sed -i -e "s/version:.*/version: 0.0.0-SNAPSHOT-PR-1-1/" Chart.yaml
sed -i -e "s/version:.*/version: 0.0.0-SNAPSHOT-PR-1-1/" ../*/Chart.yaml
sed -i -e "s|repository:.*|repository: gcr.io\/jenkins-x-bdd3\/bdd-nh-1587748273|" values.yaml
sed -i -e "s/tag:.*/tag: 0.0.0-SNAPSHOT-PR-1-1/" values.yaml
echo "  version: 0.0.0-SNAPSHOT-PR-1-1" >> requirements.yaml
** step helm build
WARNING: No $CHART_REPOSITORY defined so using the default value of: http://jenkins-x-chartmuseum:8080
Adding missing Helm repo: storage.googleapis.com https://storage.googleapis.com/chartmuseum.jenkins-x.io
WARNING: No secrets found on "helm/repos" due: reading the secret "helm/repos" from vault: no secret "helm/repos" not found in vault
Read credentials for https://storage.googleapis.com/chartmuseum.jenkins-x.io from vault helm/repos
Successfully added Helm repository storage.googleapis.com.
Adding missing Helm repo: jenkins-x-chartmuseum http://jenkins-x-chartmuseum:8080
WARNING: No secrets found on "helm/repos" due: reading the secret "helm/repos" from vault: no secret "helm/repos" not found in vault
Read credentials for http://jenkins-x-chartmuseum:8080 from vault helm/repos
Successfully added Helm repository jenkins-x-chartmuseum.
WARNING: No $CHART_REPOSITORY defined so using the default value of: http://jenkins-x-chartmuseum:8080
Adding missing Helm repo: chartmuseum.jenkins-x.io http://chartmuseum.jenkins-x.io
WARNING: No secrets found on "helm/repos" due: reading the secret "helm/repos" from vault: no secret "helm/repos" not found in vault
Read credentials for http://chartmuseum.jenkins-x.io from vault helm/repos
Successfully added Helm repository chartmuseum.jenkins-x.io.

Showing logs for build [32mcb-kubecd-bdd-nh-1587748273-pr-fkdsm-1[0m stage [32mfrom-build-pack[0m and container [32mstep-promote-jx-preview[0m
Creating a preview
Created environment cb-kubecd-bdd-nh-1587748273-pr-1
Namespace **-cb-kubecd-bdd-nh-1587748273-pr-1 created 
expose:
  Annotations:
    helm.sh/hook: post-install,post-upgrade
    helm.sh/hook-delete-policy: hook-succeeded
  config:
    domain: c**d10.bdd.jenkins-x.rocks
    exposer: Ingress
    http: "true"
preview:
  image:
    repository: gcr.io/jenkins-x-bdd3/bdd-nh-1587748273
    tag: 0.0.0-SNAPSHOT-PR-1-1

Updating PipelineActivities cb-kubecd-bdd-nh-1587748273-pr-1-1 which has status Running
WARNING: preview application http://bdd-nh-1587748273.**-cb-kubecd-bdd-nh-1587748273-pr-1.c**d10.bdd.jenkins-x.rocks not available, error was Get http://bdd-nh-1587748273.**-cb-kubecd-bdd-nh-1587748273-pr-1.c**d10.bdd.jenkins-x.rocks: dial tcp: lookup bdd-nh-1587748273.**-cb-kubecd-bdd-nh-1587748273-pr-1.c**d10.bdd.jenkins-x.rocks on 10.51.240.10:53: no such host, delaying for: 1.283034974s
WARNING: preview application http://bdd-nh-1587748273.**-cb-kubecd-bdd-nh-1587748273-pr-1.c**d10.bdd.jenkins-x.rocks not available, error was Get http://bdd-nh-1587748273.**-cb-kubecd-bdd-nh-1587748273-pr-1.c**d10.bdd.jenkins-x.rocks: dial tcp: lookup bdd-nh-1587748273.**-cb-kubecd-bdd-nh-1587748273-pr-1.c**d10.bdd.jenkins-x.rocks on 10.51.240.10:53: no such host, delaying for: 956.706092ms
WARNING: preview application http://bdd-nh-1587748273.**-cb-kubecd-bdd-nh-1587748273-pr-1.c**d10.bdd.jenkins-x.rocks not available, error was Get http://bdd-nh-1587748273.**-cb-kubecd-bdd-nh-1587748273-pr-1.c**d10.bdd.jenkins-x.rocks: dial tcp: lookup bdd-nh-1587748273.**-cb-kubecd-bdd-nh-1587748273-pr-1.c**d10.bdd.jenkins-x.rocks on 10.51.240.10:53: no such host, delaying for: 1.345569468s
WARNING: preview application http://bdd-nh-1587748273.**-cb-kubecd-bdd-nh-1587748273-pr-1.c**d10.bdd.jenkins-x.rocks not available, error was Get http://bdd-nh-1587748273.**-cb-kubecd-bdd-nh-1587748273-pr-1.c**d10.bdd.jenkins-x.rocks: dial tcp: lookup bdd-nh-1587748273.**-cb-kubecd-bdd-nh-1587748273-pr-1.c**d10.bdd.jenkins-x.rocks on 10.51.240.10:53: no such host, delaying for: 4.050971572s
WARNING: preview application http://bdd-nh-1587748273.**-cb-kubecd-bdd-nh-1587748273-pr-1.c**d10.bdd.jenkins-x.rocks not available, error was Get http://bdd-nh-1587748273.**-cb-kubecd-bdd-nh-1587748273-pr-1.c**d10.bdd.jenkins-x.rocks: dial tcp: lookup bdd-nh-1587748273.**-cb-kubecd-bdd-nh-1587748273-pr-1.c**d10.bdd.jenkins-x.rocks on 10.51.240.10:53: no such host, delaying for: 2.640264778s
WARNING: preview application http://bdd-nh-1587748273.**-cb-kubecd-bdd-nh-1587748273-pr-1.c**d10.bdd.jenkins-x.rocks not available, error was Get http://bdd-nh-1587748273.**-cb-kubecd-bdd-nh-1587748273-pr-1.c**d10.bdd.jenkins-x.rocks: dial tcp: lookup bdd-nh-1587748273.**-cb-kubecd-bdd-nh-1587748273-pr-1.c**d10.bdd.jenkins-x.rocks on 10.51.240.10:53: no such host, delaying for: 7.589083593s
WARNING: preview application http://bdd-nh-1587748273.**-cb-kubecd-bdd-nh-1587748273-pr-1.c**d10.bdd.jenkins-x.rocks not available, error was Get http://bdd-nh-1587748273.**-cb-kubecd-bdd-nh-1587748273-pr-1.c**d10.bdd.jenkins-x.rocks: dial tcp: lookup bdd-nh-1587748273.**-cb-kubecd-bdd-nh-1587748273-pr-1.c**d10.bdd.jenkins-x.rocks on 10.51.240.10:53: no such host, delaying for: 6.520544564s
WARNING: preview application http://bdd-nh-1587748273.**-cb-kubecd-bdd-nh-1587748273-pr-1.c**d10.bdd.jenkins-x.rocks not available, error was Get http://bdd-nh-1587748273.**-cb-kubecd-bdd-nh-1587748273-pr-1.c**d10.bdd.jenkins-x.rocks: dial tcp: lookup bdd-nh-1587748273.**-cb-kubecd-bdd-nh-1587748273-pr-1.c**d10.bdd.jenkins-x.rocks on 10.51.240.10:53: no such host, delaying for: 10.199180659s
WARNING: preview application http://bdd-nh-1587748273.**-cb-kubecd-bdd-nh-1587748273-pr-1.c**d10.bdd.jenkins-x.rocks not available, error was Get http://bdd-nh-1587748273.**-cb-kubecd-bdd-nh-1587748273-pr-1.c**d10.bdd.jenkins-x.rocks: dial tcp: lookup bdd-nh-1587748273.**-cb-kubecd-bdd-nh-1587748273-pr-1.c**d10.bdd.jenkins-x.rocks on 10.51.240.10:53: no such host, delaying for: 37.600023335s
WARNING: preview application http://bdd-nh-1587748273.**-cb-kubecd-bdd-nh-1587748273-pr-1.c**d10.bdd.jenkins-x.rocks not available, error was Get http://bdd-nh-1587748273.**-cb-kubecd-bdd-nh-1587748273-pr-1.c**d10.bdd.jenkins-x.rocks: dial tcp: lookup bdd-nh-1587748273.**-cb-kubecd-bdd-nh-1587748273-pr-1.c**d10.bdd.jenkins-x.rocks on 10.51.240.10:53: no such host, delaying for: 35.856053632s
WARNING: preview application http://bdd-nh-1587748273.**-cb-kubecd-bdd-nh-1587748273-pr-1.c**d10.bdd.jenkins-x.rocks not available, error was Get http://bdd-nh-1587748273.**-cb-kubecd-bdd-nh-1587748273-pr-1.c**d10.bdd.jenkins-x.rocks: dial tcp: lookup bdd-nh-1587748273.**-cb-kubecd-bdd-nh-1587748273-pr-1.c**d10.bdd.jenkins-x.rocks on 10.51.240.10:53: no such host, delaying for: 29.275456602s
WARNING: preview application http://bdd-nh-1587748273.**-cb-kubecd-bdd-nh-1587748273-pr-1.c**d10.bdd.jenkins-x.rocks not available, error was Get http://bdd-nh-1587748273.**-cb-kubecd-bdd-nh-1587748273-pr-1.c**d10.bdd.jenkins-x.rocks: dial tcp: lookup bdd-nh-1587748273.**-cb-kubecd-bdd-nh-1587748273-pr-1.c**d10.bdd.jenkins-x.rocks on 10.51.240.10:53: no such host, delaying for: 1m4.701075416s
WARNING: preview application http://bdd-nh-1587748273.**-cb-kubecd-bdd-nh-1587748273-pr-1.c**d10.bdd.jenkins-x.rocks not available, error was Get http://bdd-nh-1587748273.**-cb-kubecd-bdd-nh-1587748273-pr-1.c**d10.bdd.jenkins-x.rocks: dial tcp: lookup bdd-nh-1587748273.**-cb-kubecd-bdd-nh-1587748273-pr-1.c**d10.bdd.jenkins-x.rocks on 10.51.240.10:53: no such host, delaying for: 1m27.788364073s
Preview application is now available at: http://bdd-nh-1587748273.**-cb-kubecd-bdd-nh-1587748273-pr-1.c**d10.bdd.jenkins-x.rocks
